<?xml version="1.0" encoding="UTF-8"?>
<!-- Generated by org.testng.reporters.JUnitReportReporter -->
<testsuite hostname="DESKTOP-ID5ANKU" failures="0" tests="1" name="Abc.Login_TC1" time="35.429" errors="0" timestamp="2024-06-20T15:06:24 IST" skipped="0">
  <testcase classname="Abc.Login_TC1" name="method1" time="35.429"/>
</testsuite> <!-- Abc.Login_TC1 -->
