<?xml version="1.0" encoding="UTF-8"?>
<!-- Generated by org.testng.reporters.JUnitReportReporter -->
<testsuite hostname="DESKTOP-ID5ANKU" failures="0" tests="1" name="Abc.TC_1" time="80.789" errors="0" timestamp="2024-06-20T19:51:34 IST" skipped="0">
  <testcase classname="Abc.TC_1" name="method1" time="80.789"/>
</testsuite> <!-- Abc.TC_1 -->
