<?xml version="1.0" encoding="UTF-8"?>
<!-- Generated by org.testng.reporters.JUnitReportReporter -->
<testsuite hostname="DESKTOP-ID5ANKU" failures="0" tests="1" name="Abc.Demo" time="42.224" errors="0" timestamp="2024-06-20T14:43:04 IST" skipped="0">
  <testcase classname="Abc.Demo" name="method1" time="42.224"/>
</testsuite> <!-- Abc.Demo -->
